<?xml version="1.0" encoding="UTF-8"?>
<robot generator="Robot 5.0.1 (Python 3.10.6 on win32)" generated="20220901 10:36:57.534" rpa="false" schemaversion="3">
<suite id="s1" name="Suites">
<suite id="s1-s1" name="Dropdowns" source="C:\Users\Saurabh\PycharmProjects\Automation\TestCases\Dropdowns.robot">
<test id="s1-s1-t1" name="Handle Dropdown and Lists" line="11">
<kw name="Open Browser" library="SeleniumLibrary">
<arg>${url}</arg>
<arg>${browser}</arg>
<doc>Opens a new browser instance to the optional ``url``.</doc>
<msg timestamp="20220901 10:36:57.748" level="INFO">Opening browser 'Firefox' to base url 'https://demo.automationtesting.in/Register.html'.</msg>
<msg timestamp="20220901 10:36:57.750" level="INFO">Firefox driver log is always forced to to: C:\Users\Saurabh\PycharmProjects\Automation\Results\pabot_results\5\geckodriver-1.log</msg>
<status status="PASS" starttime="20220901 10:36:57.748" endtime="20220901 10:37:09.311"/>
</kw>
<kw name="Maximize Browser Window" library="SeleniumLibrary">
<doc>Maximizes current browser window.</doc>
<status status="PASS" starttime="20220901 10:37:09.312" endtime="20220901 10:37:09.317"/>
</kw>
<kw name="Select From List By Label" library="SeleniumLibrary">
<arg>Skills</arg>
<arg>CSS</arg>
<doc>Selects options from selection list ``locator`` by ``labels``.</doc>
<msg timestamp="20220901 10:37:09.318" level="INFO">Selecting options from selection list 'Skills' by label CSS.</msg>
<msg timestamp="20220901 10:37:09.561" level="INFO" html="true">&lt;/td&gt;&lt;/tr&gt;&lt;tr&gt;&lt;td colspan="3"&gt;&lt;a href="selenium-screenshot-1.png"&gt;&lt;img src="selenium-screenshot-1.png" width="800px"&gt;&lt;/a&gt;</msg>
<msg timestamp="20220901 10:37:09.563" level="FAIL">ElementClickInterceptedException: Message: Element &lt;select id="Skills" class="form-control ng-pristine ng-untouched ng-valid" type="text"&gt; is not clickable at point (390,618) because another element &lt;iframe id="aswift_3" name="aswift_3" src="https://googleads.g.doubleclick.net/pagead/html/r20220829/r20110914/zrt_lookup.html?fsb=1#RS-1-&amp;adk=1812271801&amp;client=ca-pub-9173866185064071&amp;fa=1&amp;ifi=4&amp;uci=a!4&amp;btvi=1&amp;xpc=UW2HuMMsgh&amp;p=https%3A//demo.automationtesting.in"&gt; obscures it
Stacktrace:
RemoteError@chrome://remote/content/shared/RemoteError.jsm:12:1
WebDriverError@chrome://remote/content/shared/webdriver/Errors.jsm:192:5
ElementClickInterceptedError@chrome://remote/content/shared/webdriver/Errors.jsm:291:5
webdriverClickElement@chrome://remote/content/marionette/interaction.js:166:11
interaction.clickElement@chrome://remote/content/marionette/interaction.js:125:11
clickElement@chrome://remote/content/marionette/actors/MarionetteCommandsChild.jsm:204:29
receiveMessage@chrome://remote/content/marionette/actors/MarionetteCommandsChild.jsm:92:31
</msg>
<status status="FAIL" starttime="20220901 10:37:09.317" endtime="20220901 10:37:09.567"/>
</kw>
<kw name="Sleep" library="BuiltIn">
<arg>3</arg>
<doc>Pauses the test executed for the given time.</doc>
<status status="NOT RUN" starttime="20220901 10:37:09.568" endtime="20220901 10:37:09.569"/>
</kw>
<kw name="Select From List By Index" library="SeleniumLibrary">
<arg>Skills</arg>
<arg>6</arg>
<doc>Selects options from selection list ``locator`` by ``indexes``.</doc>
<status status="NOT RUN" starttime="20220901 10:37:09.569" endtime="20220901 10:37:09.569"/>
</kw>
<kw name="Close Browser" library="SeleniumLibrary">
<doc>Closes the current browser.</doc>
<status status="NOT RUN" starttime="20220901 10:37:09.569" endtime="20220901 10:37:09.570"/>
</kw>
<status status="FAIL" starttime="20220901 10:36:57.747" endtime="20220901 10:37:09.571">ElementClickInterceptedException: Message: Element &lt;select id="Skills" class="form-control ng-pristine ng-untouched ng-valid" type="text"&gt; is not clickable at point (390,618) because another element &lt;iframe id="aswift_3" name="aswift_3" src="https://googleads.g.doubleclick.net/pagead/html/r20220829/r20110914/zrt_lookup.html?fsb=1#RS-1-&amp;adk=1812271801&amp;client=ca-pub-9173866185064071&amp;fa=1&amp;ifi=4&amp;uci=a!4&amp;btvi=1&amp;xpc=UW2HuMMsgh&amp;p=https%3A//demo.automationtesting.in"&gt; obscures it
Stacktrace:
RemoteError@chrome://remote/content/shared/RemoteError.jsm:12:1
WebDriverError@chrome://remote/content/shared/webdriver/Errors.jsm:192:5
ElementClickInterceptedError@chrome://remote/content/shared/webdriver/Errors.jsm:291:5
webdriverClickElement@chrome://remote/content/marionette/interaction.js:166:11
interaction.clickElement@chrome://remote/content/marionette/interaction.js:125:11
clickElement@chrome://remote/content/marionette/actors/MarionetteCommandsChild.jsm:204:29
receiveMessage@chrome://remote/content/marionette/actors/MarionetteCommandsChild.jsm:92:31
</status>
</test>
<status status="FAIL" starttime="20220901 10:36:57.564" endtime="20220901 10:37:09.572"/>
</suite>
<status status="FAIL" starttime="20220901 10:36:57.544" endtime="20220901 10:37:09.575"/>
</suite>
<statistics>
<total>
<stat pass="0" fail="1" skip="0">All Tests</stat>
</total>
<tag>
</tag>
<suite>
<stat pass="0" fail="1" skip="0" id="s1" name="Suites">Suites</stat>
<stat pass="0" fail="1" skip="0" id="s1-s1" name="Dropdowns">Suites.Dropdowns</stat>
</suite>
</statistics>
<errors>
</errors>
</robot>
